requested_universe=sp500_current
requested_symbols=503
requested_yfinance_rows=3183010
requested_distinct_symbols=503
requested_start_ts=1997-01-02 00:00:00
requested_end_ts=2026-06-12 00:00:00
requested_symbols_with_rows=503
requested_symbols_missing_rows=0
MMM: rows=7408 start=1997-01-02 00:00:00 end=2026-06-12 00:00:00
AOS: rows=7408 start=1997-01-02 00:00:00 end=2026-06-12 00:00:00
ABT: rows=7408 start=1997-01-02 00:00:00 end=2026-06-12 00:00:00
ABBV: rows=3382 start=2013-01-02 00:00:00 end=2026-06-12 00:00:00
ACN: rows=6262 start=2001-07-19 00:00:00 end=2026-06-12 00:00:00
ADBE: rows=7408 start=1997-01-02 00:00:00 end=2026-06-12 00:00:00
AMD: rows=7408 start=1997-01-02 00:00:00 end=2026-06-12 00:00:00
AES: rows=7408 start=1997-01-02 00:00:00 end=2026-06-12 00:00:00
AFL: rows=7408 start=1997-01-02 00:00:00 end=2026-06-12 00:00:00
A: rows=6681 start=1999-11-18 00:00:00 end=2026-06-12 00:00:00
APD: rows=7408 start=1997-01-02 00:00:00 end=2026-06-12 00:00:00
ABNB: rows=1382 start=2020-12-10 00:00:00 end=2026-06-12 00:00:00
AKAM: rows=6695 start=1999-10-29 00:00:00 end=2026-06-12 00:00:00
ALB: rows=7408 start=1997-01-02 00:00:00 end=2026-06-12 00:00:00
ARE: rows=7307 start=1997-05-28 00:00:00 end=2026-06-12 00:00:00
ALGN: rows=6380 start=2001-01-30 00:00:00 end=2026-06-12 00:00:00
ALLE: rows=3160 start=2013-11-18 00:00:00 end=2026-06-12 00:00:00
LNT: rows=7408 start=1997-01-02 00:00:00 end=2026-06-12 00:00:00
ALL: rows=7408 start=1997-01-02 00:00:00 end=2026-06-12 00:00:00
GOOGL: rows=5489 start=2004-08-19 00:00:00 end=2026-06-12 00:00:00
