/usr/local/lib/python3.12/site-packages/yfinance/scrapers/history.py:204: Pandas4Warning: Timestamp.utcnow is deprecated and will be removed in a future version. Use Timestamp.now('UTC') instead.
  dt_now = pd.Timestamp.utcnow()
{"event": "batch_inserted", "batch_index": 1, "attempt": 1, "symbols": ["MMM"], "fetched_bars": 2, "inserted_bars": 2, "no_data_symbols": [], "failed_symbols": []}
{"event": "failed_symbols_file_written", "path": "/tmp/showmeedge-sp500-eod-20260602-143445-failed.json", "failed_symbols": []}
{"event": "no_data_symbols_file_written", "path": "/tmp/showmeedge-sp500-eod-20260602-143445-no-data.json", "no_data_symbols": []}
{"event": "run_summary_file_written", "path": "/tmp/showmeedge-sp500-eod-20260602-143445-summary.json"}
{
  "event": "daily_recent_update_complete",
  "provider": "yfinance",
  "universe": "sp500_current",
  "symbols": [
    "MMM"
  ],
  "processed_symbols": [
    "MMM"
  ],
  "skipped_symbols": [],
  "start": "2026-06-01",
  "end": "2026-06-02",
  "fetched_bars": 2,
  "inserted_bars": 2,
  "no_data_symbols": [],
  "failed_symbols": [],
  "failed_symbols_file": "/tmp/showmeedge-sp500-eod-20260602-143445-failed.json",
  "no_data_symbols_file": "/tmp/showmeedge-sp500-eod-20260602-143445-no-data.json",
  "run_summary_file": "/tmp/showmeedge-sp500-eod-20260602-143445-summary.json",
  "coverage": [
    {
      "symbol": "MMM",
      "provider": "yfinance",
      "timeframe": "1d",
      "start": "1997-01-02",
      "end": "2026-06-02",
      "row_count": 7400
    }
  ],
  "lookback_days": 1,
  "timezone": "America/New_York"
}
